<html>
<head>
<title>TestNG:  Test</title>
<link href="../testng.css" rel="stylesheet" type="text/css" />
<link href="../my-testng.css" rel="stylesheet" type="text/css" />

<style type="text/css">
.log { display: none;} 
.stack-trace { display: none;} 
</style>
<script type="text/javascript">
<!--
function flip(e) {
  current = e.style.display;
  if (current == 'block') {
    e.style.display = 'none';
    return 0;
  }
  else {
    e.style.display = 'block';
    return 1;
  }
}

function toggleBox(szDivId, elem, msg1, msg2)
{
  var res = -1;  if (document.getElementById) {
    res = flip(document.getElementById(szDivId));
  }
  else if (document.all) {
    // this is the way old msie versions work
    res = flip(document.all[szDivId]);
  }
  if(elem) {
    if(res == 0) elem.innerHTML = msg1; else elem.innerHTML = msg2;
  }

}

function toggleAllBoxes() {
  if (document.getElementsByTagName) {
    d = document.getElementsByTagName('div');
    for (i = 0; i < d.length; i++) {
      if (d[i].className == 'log') {
        flip(d[i]);
      }
    }
  }
}

// -->
</script>

</head>
<body>
<h2 align='center'>Test</h2><table border='1' align="center">
<tr>
<td>Tests passed/Failed/Skipped:</td><td>22/1/0</td>
</tr><tr>
<td>Started on:</td><td>Tue Nov 02 15:47:39 IST 2021</td>
</tr>
<tr><td>Total time:</td><td>64 seconds (64136 ms)</td>
</tr><tr>
<td>Included groups:</td><td></td>
</tr><tr>
<td>Excluded groups:</td><td></td>
</tr>
</table><p/>
<small><i>(Hover the method name to see the test class name)</i></small><p/>
<table width='100%' border='1' class='invocation-failed'>
<tr><td colspan='4' align='center'><b>FAILED TESTS</b></td></tr>
<tr><td><b>Test method</b></td>
<td width="30%"><b>Exception</b></td>
<td width="10%"><b>Time (seconds)</b></td>
<td><b>Instance</b></td>
</tr>
<tr>
<td title='com.jbk.test.OperatorTest.checkTiming()'><b>checkTiming</b><br>Test class: com.jbk.test.OperatorTest</td>
<td><div><pre>java.lang.AssertionError: expected [true] but found [false]
	at com.jbk.test.OperatorTest.checkTiming(OperatorTest.java:43)
... Removed 29 stack frames</pre></div><a href='#' onClick='toggleBox("stack-trace969502280", this, "Click to show all stack frames", "Click to hide stack frames")'>Click to show all stack frames</a>
<div class='stack-trace' id='stack-trace969502280'><pre>java.lang.AssertionError: expected [true] but found [false]
	at org.testng.Assert.fail(Assert.java:94)
	at org.testng.Assert.failNotEquals(Assert.java:513)
	at org.testng.Assert.assertTrue(Assert.java:42)
	at org.testng.Assert.assertTrue(Assert.java:52)
	at com.jbk.test.OperatorTest.checkTiming(OperatorTest.java:43)
	at sun.reflect.NativeMethodAccessorImpl.invoke0(Native Method)
	at sun.reflect.NativeMethodAccessorImpl.invoke(NativeMethodAccessorImpl.java:62)
	at sun.reflect.DelegatingMethodAccessorImpl.invoke(DelegatingMethodAccessorImpl.java:43)
	at java.lang.reflect.Method.invoke(Method.java:498)
	at org.testng.internal.MethodInvocationHelper.invokeMethod(MethodInvocationHelper.java:104)
	at org.testng.internal.Invoker.invokeMethod(Invoker.java:645)
	at org.testng.internal.Invoker.invokeTestMethod(Invoker.java:851)
	at org.testng.internal.Invoker.invokeTestMethods(Invoker.java:1177)
	at org.testng.internal.TestMethodWorker.invokeTestMethods(TestMethodWorker.java:129)
	at org.testng.internal.TestMethodWorker.run(TestMethodWorker.java:112)
	at org.testng.TestRunner.privateRun(TestRunner.java:756)
	at org.testng.TestRunner.run(TestRunner.java:610)
	at org.testng.SuiteRunner.runTest(SuiteRunner.java:387)
	at org.testng.SuiteRunner.runSequentially(SuiteRunner.java:382)
	at org.testng.SuiteRunner.privateRun(SuiteRunner.java:340)
	at org.testng.SuiteRunner.run(SuiteRunner.java:289)
	at org.testng.SuiteRunnerWorker.runSuite(SuiteRunnerWorker.java:52)
	at org.testng.SuiteRunnerWorker.run(SuiteRunnerWorker.java:86)
	at org.testng.TestNG.runSuitesSequentially(TestNG.java:1293)
	at org.testng.TestNG.runSuitesLocally(TestNG.java:1218)
	at org.testng.TestNG.runSuites(TestNG.java:1133)
	at org.testng.TestNG.run(TestNG.java:1104)
	at org.testng.remote.AbstractRemoteTestNG.run(AbstractRemoteTestNG.java:132)
	at org.testng.remote.RemoteTestNG.initAndRun(RemoteTestNG.java:236)
	at org.testng.remote.RemoteTestNG.main(RemoteTestNG.java:81)
</pre></div></td>
<td>0</td>
<td>com.jbk.test.OperatorTest@7791a895</td></tr>
</table><p>
<table width='100%' border='1' class='invocation-passed'>
<tr><td colspan='4' align='center'><b>PASSED TESTS</b></td></tr>
<tr><td><b>Test method</b></td>
<td width="30%"><b>Exception</b></td>
<td width="10%"><b>Time (seconds)</b></td>
<td><b>Instance</b></td>
</tr>
<tr>
<td title='com.jbk.test.UserTest.checkContext()'><b>checkContext</b><br>Test class: com.jbk.test.UserTest</td>
<td></td>
<td>0</td>
<td>com.jbk.test.UserTest@3a5ed7a6</td></tr>
<tr>
<td title='com.jbk.test.OperatorTest.checkHeading()'><b>checkHeading</b><br>Test class: com.jbk.test.OperatorTest</td>
<td></td>
<td>0</td>
<td>com.jbk.test.OperatorTest@7791a895</td></tr>
<tr>
<td title='com.jbk.test.LoginTest.checkLogo()'><b>checkLogo</b><br>Test class: com.jbk.test.LoginTest</td>
<td></td>
<td>0</td>
<td>com.jbk.test.LoginTest@1f28c152</td></tr>
<tr>
<td title='com.jbk.test.OperatorTest.checkOperatorContactNo()'><b>checkOperatorContactNo</b><br>Test class: com.jbk.test.OperatorTest</td>
<td></td>
<td>0</td>
<td>com.jbk.test.OperatorTest@7791a895</td></tr>
<tr>
<td title='com.jbk.test.OperatorTest.checkOperatorPessons()'><b>checkOperatorPessons</b><br>Test class: com.jbk.test.OperatorTest</td>
<td></td>
<td>0</td>
<td>com.jbk.test.OperatorTest@7791a895</td></tr>
<tr>
<td title='com.jbk.test.UserTest.deletUser1()'><b>deletUser1</b><br>Test class: com.jbk.test.UserTest</td>
<td></td>
<td>2</td>
<td>com.jbk.test.UserTest@3a5ed7a6</td></tr>
<tr>
<td title='com.jbk.test.UserTest.deletUser2()'><b>deletUser2</b><br>Test class: com.jbk.test.UserTest</td>
<td></td>
<td>2</td>
<td>com.jbk.test.UserTest@3a5ed7a6</td></tr>
<tr>
<td title='com.jbk.test.LoginTest.invalidEmail()'><b>invalidEmail</b><br>Test class: com.jbk.test.LoginTest</td>
<td></td>
<td>0</td>
<td>com.jbk.test.LoginTest@1f28c152</td></tr>
<tr>
<td title='com.jbk.test.DashboardTest.verifyCourses()'><b>verifyCourses</b><br>Test class: com.jbk.test.DashboardTest</td>
<td></td>
<td>0</td>
<td>com.jbk.test.DashboardTest@7d907bac</td></tr>
<tr>
<td title='com.jbk.test.DashboardTest.verifyDownloadsLink()'><b>verifyDownloadsLink</b><br>Test class: com.jbk.test.DashboardTest</td>
<td></td>
<td>0</td>
<td>com.jbk.test.DashboardTest@7d907bac</td></tr>
<tr>
<td title='com.jbk.test.DashboardTest.verifyFooter()'><b>verifyFooter</b><br>Test class: com.jbk.test.DashboardTest</td>
<td></td>
<td>0</td>
<td>com.jbk.test.DashboardTest@7d907bac</td></tr>
<tr>
<td title='com.jbk.test.UsefulLinkTest.verifyHeader()'><b>verifyHeader</b><br>Test class: com.jbk.test.UsefulLinkTest</td>
<td></td>
<td>0</td>
<td>com.jbk.test.UsefulLinkTest@6325a3ee</td></tr>
<tr>
<td title='com.jbk.test.DownloadsTest.verifyHeader()'><b>verifyHeader</b><br>Test class: com.jbk.test.DownloadsTest</td>
<td></td>
<td>0</td>
<td>com.jbk.test.DownloadsTest@1d16f93d</td></tr>
<tr>
<td title='com.jbk.test.DashboardTest.verifyOperatorsLink()'><b>verifyOperatorsLink</b><br>Test class: com.jbk.test.DashboardTest</td>
<td></td>
<td>0</td>
<td>com.jbk.test.DashboardTest@7d907bac</td></tr>
<tr>
<td title='com.jbk.test.LoginTest.verifyRegistrationLink()'><b>verifyRegistrationLink</b><br>Test class: com.jbk.test.LoginTest</td>
<td></td>
<td>0</td>
<td>com.jbk.test.LoginTest@1f28c152</td></tr>
<tr>
<td title='com.jbk.test.DashboardTest.verifySubCourses()'><b>verifySubCourses</b><br>Test class: com.jbk.test.DashboardTest</td>
<td></td>
<td>0</td>
<td>com.jbk.test.DashboardTest@7d907bac</td></tr>
<tr>
<td title='com.jbk.test.LoginTest.verifyText1()'><b>verifyText1</b><br>Test class: com.jbk.test.LoginTest</td>
<td></td>
<td>0</td>
<td>com.jbk.test.LoginTest@1f28c152</td></tr>
<tr>
<td title='com.jbk.test.LoginTest.verifyTextOnLink2()'><b>verifyTextOnLink2</b><br>Test class: com.jbk.test.LoginTest</td>
<td></td>
<td>0</td>
<td>com.jbk.test.LoginTest@1f28c152</td></tr>
<tr>
<td title='com.jbk.test.LoginTest.verifyTitle()'><b>verifyTitle</b><br>Test class: com.jbk.test.LoginTest</td>
<td></td>
<td>0</td>
<td>com.jbk.test.LoginTest@1f28c152</td></tr>
<tr>
<td title='com.jbk.test.DashboardTest.verifyUsefulLink()'><b>verifyUsefulLink</b><br>Test class: com.jbk.test.DashboardTest</td>
<td></td>
<td>0</td>
<td>com.jbk.test.DashboardTest@7d907bac</td></tr>
<tr>
<td title='com.jbk.test.UserTest.verifyUserForm()'><b>verifyUserForm</b><br>Test class: com.jbk.test.UserTest</td>
<td></td>
<td>3</td>
<td>com.jbk.test.UserTest@3a5ed7a6</td></tr>
<tr>
<td title='com.jbk.test.DashboardTest.verifyUsersLink()'><b>verifyUsersLink</b><br>Test class: com.jbk.test.DashboardTest</td>
<td></td>
<td>0</td>
<td>com.jbk.test.DashboardTest@7d907bac</td></tr>
</table><p>
</body>
</html>