<?xml version="1.0" encoding="UTF-8"?>
<!-- Generated by org.testng.reporters.JUnitXMLReporter -->
<testsuite hostname="MSI" ignored="0" name="Test" tests="23" failures="1" timestamp="02 Nov 2021 10:18:43 GMT" time="64.136" errors="0">
  <testcase name="checkLogo" time="0.091" classname="com.jbk.test.LoginTest"/>
  <testcase name="invalidEmail" time="0.466" classname="com.jbk.test.LoginTest"/>
  <testcase name="verifyRegistrationLink" time="0.165" classname="com.jbk.test.LoginTest"/>
  <testcase name="verifyText1" time="0.054" classname="com.jbk.test.LoginTest"/>
  <testcase name="verifyTextOnLink2" time="0.052" classname="com.jbk.test.LoginTest"/>
  <testcase name="verifyTitle" time="0.513" classname="com.jbk.test.LoginTest"/>
  <testcase name="verifyCourses" time="0.116" classname="com.jbk.test.DashboardTest"/>
  <testcase name="verifyDownloadsLink" time="0.245" classname="com.jbk.test.DashboardTest"/>
  <testcase name="verifyFooter" time="0.07" classname="com.jbk.test.DashboardTest"/>
  <testcase name="verifyOperatorsLink" time="0.225" classname="com.jbk.test.DashboardTest"/>
  <testcase name="verifySubCourses" time="0.094" classname="com.jbk.test.DashboardTest"/>
  <testcase name="verifyUsefulLink" time="0.227" classname="com.jbk.test.DashboardTest"/>
  <testcase name="verifyUsersLink" time="0.263" classname="com.jbk.test.DashboardTest"/>
  <testcase name="checkOperatorPessons" time="0.268" classname="com.jbk.test.OperatorTest"/>
  <testcase name="checkContext" time="0.066" classname="com.jbk.test.UserTest"/>
  <testcase name="deletUser1" time="2.228" classname="com.jbk.test.UserTest"/>
  <testcase name="deletUser2" time="2.232" classname="com.jbk.test.UserTest"/>
  <testcase name="verifyUserForm" time="3.084" classname="com.jbk.test.UserTest"/>
  <testcase name="verifyHeader" time="0.04" classname="com.jbk.test.UsefulLinkTest"/>
  <testcase name="verifyHeader" time="0.057" classname="com.jbk.test.DownloadsTest"/>
  <testcase name="checkHeading" time="0.218" classname="com.jbk.test.OperatorTest"/>
  <testcase name="checkTiming" time="0.19" classname="com.jbk.test.OperatorTest">
    <failure type="java.lang.AssertionError" message="expected [true] but found [false]">
      <![CDATA[java.lang.AssertionError: expected [true] but found [false]
	at com.jbk.test.OperatorTest.checkTiming(OperatorTest.java:43)
... Removed 29 stack frames]]>
    </failure>
  </testcase> <!-- checkTiming -->
  <testcase name="checkOperatorContactNo" time="0.187" classname="com.jbk.test.OperatorTest"/>
</testsuite> <!-- Test -->
